<?xml version="1.0" encoding="UTF-8"?>
<!-- Generated by org.testng.reporters.JUnitReportReporter -->
<testsuite hostname="del1-lhp-n82782" failures="0" tests="1" name="com.as.tests.HomepageTest" time="5.189" errors="0" timestamp="2023-12-29T22:31:12 IST" skipped="0">
  <testcase classname="com.as.tests.HomepageTest" name="Test3" time="5.189"/>
  <system-out/>
</testsuite> <!-- com.as.tests.HomepageTest -->
