<?xml version="1.0" encoding="UTF-8"?>
<!-- Generated by org.testng.reporters.JUnitReportReporter -->
<testsuite hostname="del1-lhp-n82782" failures="0" tests="1" name="com.as.tests.AmazonTest" time="9.096" errors="0" timestamp="2024-01-25T22:31:18 IST" skipped="0">
  <testcase classname="com.as.tests.AmazonTest" name="amazonTest" time="9.096"/>
  <system-out/>
</testsuite> <!-- com.as.tests.AmazonTest -->
