<?xml version="1.0" encoding="UTF-8"?>
<!-- Generated by org.testng.reporters.JUnitReportReporter -->
<testsuite hostname="arvind" failures="0" tests="1" name="com.as.tests.LoginPageTest" time="18.171" errors="0" timestamp="2023-12-13T00:22:00 IST" skipped="0">
  <testcase classname="com.as.tests.LoginPageTest" name="test1" time="18.171"/>
  <system-out/>
</testsuite> <!-- com.as.tests.LoginPageTest -->
