<?xml version="1.0" encoding="UTF-8"?>
<!-- Generated by org.testng.reporters.JUnitReportReporter -->
<testsuite hostname="del1-lhp-n82782" failures="0" tests="1" name="com.as.tests.LoginPageTest" time="3.633" errors="0" timestamp="2023-12-16T00:17:55 IST" skipped="0">
  <testcase classname="com.as.tests.LoginPageTest" name="test1" time="3.633"/>
  <system-out/>
</testsuite> <!-- com.as.tests.LoginPageTest -->
