<?xml version="1.0" encoding="UTF-8"?>
<!-- Generated by org.testng.reporters.JUnitReportReporter -->
<testsuite hostname="Arvind" failures="0" tests="3" name="com.as.tests.OrangeHRMTest" time="38.598" errors="0" timestamp="2024-10-12T16:12:04 IST" skipped="0">
  <testcase classname="com.as.tests.OrangeHRMTest" name="loginLogoutTest" time="12.907"/>
  <system-out/>
  <testcase classname="com.as.tests.OrangeHRMTest" name="loginLogoutTest" time="12.546"/>
  <system-out/>
  <testcase classname="com.as.tests.OrangeHRMTest" name="newTest" time="13.145"/>
  <system-out/>
</testsuite> <!-- com.as.tests.OrangeHRMTest -->
